<?xml version="1.0" encoding="UTF-8"?>
<!-- Generated by org.testng.reporters.JUnitReportReporter -->
<testsuite skipped="0" hostname="ZZroutsu01" name="TestNG.MyTest" tests="3" failures="0" timestamp="27 Feb 2020 06:26:45 GMT" time="0.056" errors="0">
  <testcase name="testNGThree" time="0.010" classname="TestNG.MyTest"/>
  <testcase name="testNGOne" time="0.035" classname="TestNG.MyTest"/>
  <testcase name="testNGTwo" time="0.011" classname="TestNG.MyTest"/>
</testsuite> <!-- TestNG.MyTest -->
